0 info it worked if it ends with ok
1 verbose cli [ '/usr/local/bin/node', '/usr/local/bin/npm', 'i', '-g', 'bower' ]
2 info using npm@3.9.5
3 info using node@v5.2.0
4 silly loadCurrentTree Starting
5 silly install loadCurrentTree
6 silly install readGlobalPackageData
7 silly fetchPackageMetaData bower
8 silly fetchNamedPackageData bower
9 silly mapToRegistry name bower
10 silly mapToRegistry using default registry
11 silly mapToRegistry registry http://registry.npmjs.org/
12 silly mapToRegistry data Result {
12 silly mapToRegistry   raw: 'bower',
12 silly mapToRegistry   scope: null,
12 silly mapToRegistry   name: 'bower',
12 silly mapToRegistry   rawSpec: '',
12 silly mapToRegistry   spec: 'latest',
12 silly mapToRegistry   type: 'tag' }
13 silly mapToRegistry uri http://registry.npmjs.org/bower
14 verbose request uri http://registry.npmjs.org/bower
15 verbose request no auth needed
16 info attempt registry request try #1 at 14:39:09
17 verbose request id ba1ca350830b43a7
18 verbose etag "1AKVYVYK36FUNTO2W7B3IWWFY"
19 http request GET http://registry.npmjs.org/bower
20 http 200 http://registry.npmjs.org/bower
21 verbose headers { server: 'CouchDB/1.5.0 (Erlang OTP/R16B03)',
21 verbose headers   etag: '"AB7UM6LVWSN22XRAH3UN7TCRB"',
21 verbose headers   'content-type': 'application/json',
21 verbose headers   'content-encoding': 'gzip',
21 verbose headers   'cache-control': 'max-age=300',
21 verbose headers   'content-length': '20570',
21 verbose headers   'accept-ranges': 'bytes',
21 verbose headers   date: 'Tue, 16 Aug 2016 11:39:11 GMT',
21 verbose headers   via: '1.1 varnish',
21 verbose headers   age: '119',
21 verbose headers   connection: 'keep-alive',
21 verbose headers   'x-served-by': 'cache-fra1248-FRA',
21 verbose headers   'x-cache': 'HIT',
21 verbose headers   'x-cache-hits': '4',
21 verbose headers   'x-timer': 'S1471347551.906702,VS0,VE0',
21 verbose headers   vary: 'Accept-Encoding' }
22 silly get cb [ 200,
22 silly get   { server: 'CouchDB/1.5.0 (Erlang OTP/R16B03)',
22 silly get     etag: '"AB7UM6LVWSN22XRAH3UN7TCRB"',
22 silly get     'content-type': 'application/json',
22 silly get     'content-encoding': 'gzip',
22 silly get     'cache-control': 'max-age=300',
22 silly get     'content-length': '20570',
22 silly get     'accept-ranges': 'bytes',
22 silly get     date: 'Tue, 16 Aug 2016 11:39:11 GMT',
22 silly get     via: '1.1 varnish',
22 silly get     age: '119',
22 silly get     connection: 'keep-alive',
22 silly get     'x-served-by': 'cache-fra1248-FRA',
22 silly get     'x-cache': 'HIT',
22 silly get     'x-cache-hits': '4',
22 silly get     'x-timer': 'S1471347551.906702,VS0,VE0',
22 silly get     vary: 'Accept-Encoding' } ]
23 verbose get saving bower to /home/necadeus/.npm/registry.npmjs.org/bower/.cache.json
24 verbose correctMkdir /home/necadeus/.npm correctMkdir not in flight; initializing
25 silly install normalizeTree
26 silly loadCurrentTree Finishing
27 silly loadIdealTree Starting
28 silly install loadIdealTree
29 silly cloneCurrentTree Starting
30 silly install cloneCurrentTreeToIdealTree
31 silly cloneCurrentTree Finishing
32 silly loadShrinkwrap Starting
33 silly install loadShrinkwrap
34 silly loadShrinkwrap Finishing
35 silly loadAllDepsIntoIdealTree Starting
36 silly install loadAllDepsIntoIdealTree
37 silly resolveWithNewModule bower@1.7.9 checking installable status
38 silly cache add args [ 'bower', null ]
39 verbose cache add spec bower
40 silly cache add parsed spec Result {
40 silly cache add   raw: 'bower',
40 silly cache add   scope: null,
40 silly cache add   name: 'bower',
40 silly cache add   rawSpec: '',
40 silly cache add   spec: 'latest',
40 silly cache add   type: 'tag' }
41 silly addNamed bower@latest
42 verbose addNamed "latest" is being treated as a dist-tag for bower
43 info addNameTag [ 'bower', 'latest' ]
44 silly mapToRegistry name bower
45 silly mapToRegistry using default registry
46 silly mapToRegistry registry http://registry.npmjs.org/
47 silly mapToRegistry data Result {
47 silly mapToRegistry   raw: 'bower',
47 silly mapToRegistry   scope: null,
47 silly mapToRegistry   name: 'bower',
47 silly mapToRegistry   rawSpec: '',
47 silly mapToRegistry   spec: 'latest',
47 silly mapToRegistry   type: 'tag' }
48 silly mapToRegistry uri http://registry.npmjs.org/bower
49 verbose addNameTag registry:http://registry.npmjs.org/bower not in flight; fetching
50 verbose get http://registry.npmjs.org/bower not expired, no request
51 silly addNameTag next cb for bower with tag latest
52 silly addNamed bower@1.7.9
53 verbose addNamed "1.7.9" is a plain semver version for bower
54 silly mapToRegistry name bower
55 silly mapToRegistry using default registry
56 silly mapToRegistry registry http://registry.npmjs.org/
57 silly mapToRegistry data Result {
57 silly mapToRegistry   raw: 'bower',
57 silly mapToRegistry   scope: null,
57 silly mapToRegistry   name: 'bower',
57 silly mapToRegistry   rawSpec: '',
57 silly mapToRegistry   spec: 'latest',
57 silly mapToRegistry   type: 'tag' }
58 silly mapToRegistry uri http://registry.npmjs.org/bower
59 verbose addRemoteTarball http://registry.npmjs.org/bower/-/bower-1.7.9.tgz not in flight; adding
60 verbose addRemoteTarball [ 'http://registry.npmjs.org/bower/-/bower-1.7.9.tgz',
60 verbose addRemoteTarball   'b7296c2393e0d75edaa6ca39648132dd255812b0' ]
61 info retry fetch attempt 1 at 14:39:13
62 info attempt registry request try #1 at 14:39:13
63 http fetch GET http://registry.npmjs.org/bower/-/bower-1.7.9.tgz
64 http fetch 200 http://registry.npmjs.org/bower/-/bower-1.7.9.tgz
65 silly fetchAndShaCheck shasum b7296c2393e0d75edaa6ca39648132dd255812b0
66 verbose addTmpTarball /tmp/npm-16065-9e8104ae/registry.npmjs.org/bower/-/bower-1.7.9.tgz not in flight; adding
67 verbose addTmpTarball already have metadata; skipping unpack for bower@1.7.9
68 verbose correctMkdir /home/necadeus/.npm correctMkdir not in flight; initializing
69 silly cache afterAdd bower@1.7.9
70 verbose afterAdd /home/necadeus/.npm/bower/1.7.9/package/package.json not in flight; writing
71 verbose correctMkdir /home/necadeus/.npm correctMkdir not in flight; initializing
72 verbose afterAdd /home/necadeus/.npm/bower/1.7.9/package/package.json written
73 silly loadAllDepsIntoIdealTree Finishing
74 silly idealTree:prePrune lib
74 silly idealTree:prePrune └── bower@1.7.9
75 silly loadIdealTree Finishing
76 silly currentTree lib
76 silly currentTree └─┬ bower@1.7.7
76 silly currentTree   ├─┬ cardinal
76 silly currentTree   │ └── redeyed
76 silly currentTree   ├─┬ configstore
76 silly currentTree   │ └── js-yaml
76 silly currentTree   ├─┬ decompress-zip
76 silly currentTree   │ └── touch
76 silly currentTree   ├── github
76 silly currentTree   ├── handlebars
76 silly currentTree   ├─┬ insight
76 silly currentTree   │ └─┬ os-name
76 silly currentTree   │   └── win-release
76 silly currentTree   ├── request
76 silly currentTree   └─┬ update-notifier
76 silly currentTree     ├─┬ latest-version
76 silly currentTree     │ └─┬ package-json
76 silly currentTree     │   └── rc
76 silly currentTree     └── semver-diff
77 silly idealTree lib
77 silly idealTree └── bower@1.7.9
78 silly generateActionsToTake Starting
79 silly install generateActionsToTake
80 warn checkPermissions Missing write access to /usr/local/lib/node_modules/bower
81 warn checkPermissions Missing write access to /usr/local/lib/node_modules/bower/node_modules/cardinal
82 warn checkPermissions Missing write access to /usr/local/lib/node_modules/bower/node_modules/cardinal/node_modules/redeyed
83 warn checkPermissions Missing write access to /usr/local/lib/node_modules/bower/node_modules/configstore
84 warn checkPermissions Missing write access to /usr/local/lib/node_modules/bower/node_modules/configstore/node_modules/js-yaml
85 warn checkPermissions Missing write access to /usr/local/lib/node_modules/bower/node_modules/decompress-zip
86 warn checkPermissions Missing write access to /usr/local/lib/node_modules/bower/node_modules/decompress-zip/node_modules/touch
87 warn checkPermissions Missing write access to /usr/local/lib/node_modules/bower/node_modules/github
88 warn checkPermissions Missing write access to /usr/local/lib/node_modules/bower/node_modules/handlebars
89 warn checkPermissions Missing write access to /usr/local/lib/node_modules/bower/node_modules/insight
90 warn checkPermissions Missing write access to /usr/local/lib/node_modules/bower/node_modules/insight/node_modules/os-name
91 warn checkPermissions Missing write access to /usr/local/lib/node_modules/bower/node_modules/insight/node_modules/os-name/node_modules/win-release
92 warn checkPermissions Missing write access to /usr/local/lib/node_modules/bower/node_modules/request
93 warn checkPermissions Missing write access to /usr/local/lib/node_modules/bower/node_modules/update-notifier
94 warn checkPermissions Missing write access to /usr/local/lib/node_modules/bower/node_modules/update-notifier/node_modules/latest-version
95 warn checkPermissions Missing write access to /usr/local/lib/node_modules/bower/node_modules/update-notifier/node_modules/latest-version/node_modules/package-json
96 warn checkPermissions Missing write access to /usr/local/lib/node_modules/bower/node_modules/update-notifier/node_modules/latest-version/node_modules/package-json/node_modules/rc
97 warn checkPermissions Missing write access to /usr/local/lib/node_modules/bower/node_modules/update-notifier/node_modules/semver-diff
98 warn checkPermissions Missing write access to /usr/local/lib/node_modules
99 warn checkPermissions Missing write access to /usr/local/lib/node_modules/bower/node_modules
100 warn checkPermissions Missing write access to /usr/local/lib/node_modules/bower/node_modules/cardinal/node_modules
101 warn checkPermissions Missing write access to /usr/local/lib/node_modules/bower/node_modules/configstore/node_modules
102 warn checkPermissions Missing write access to /usr/local/lib/node_modules/bower/node_modules/decompress-zip/node_modules
103 warn checkPermissions Missing write access to /usr/local/lib/node_modules/bower/node_modules/insight/node_modules
104 warn checkPermissions Missing write access to /usr/local/lib/node_modules/bower/node_modules/insight/node_modules/os-name/node_modules
105 warn checkPermissions Missing write access to /usr/local/lib/node_modules/bower/node_modules/update-notifier/node_modules
106 warn checkPermissions Missing write access to /usr/local/lib/node_modules/bower/node_modules/update-notifier/node_modules/latest-version/node_modules
107 warn checkPermissions Missing write access to /usr/local/lib/node_modules/bower/node_modules/update-notifier/node_modules/latest-version/node_modules/package-json/node_modules
108 silly rollbackFailedOptional Starting
109 silly rollbackFailedOptional Finishing
110 silly runTopLevelLifecycles Starting
111 silly runTopLevelLifecycles Finishing
112 silly install printInstalled
113 verbose stack Error: EACCES: permission denied, access '/usr/local/lib/node_modules/bower'
113 verbose stack     at Error (native)
114 verbose cwd /home/necadeus/work/evolve-stuff/evolve-soon/evolvesoon
115 error Linux 3.2.0-23-generic
116 error argv "/usr/local/bin/node" "/usr/local/bin/npm" "i" "-g" "bower"
117 error node v5.2.0
118 error npm  v3.9.5
119 error path /usr/local/lib/node_modules/bower
120 error code EACCES
121 error errno -13
122 error syscall access
123 error Error: EACCES: permission denied, access '/usr/local/lib/node_modules/bower'
123 error     at Error (native)
123 error  { [Error: EACCES: permission denied, access '/usr/local/lib/node_modules/bower']
123 error   errno: -13,
123 error   code: 'EACCES',
123 error   syscall: 'access',
123 error   path: '/usr/local/lib/node_modules/bower' }
124 error Please try running this command again as root/Administrator.
125 verbose exit [ -13, true ]
